[INFO ] 2019-11-22 09:15:49,674 com.st.stm32cube.ide.common.services.mx.rcp.CubeIdeServices - Start Cube IDE services
[INFO ] 2019-11-22 09:15:49,783 com.st.stm32cube.ide.common.services.mx.rcp.CubeIdeServices - Cube IDE services are relying on '1.1.0.19rc7_generators' product version and '4545_20191011-1318(UTC)' build version 
[INFO ] 2019-11-22 09:15:49,786 com.st.stm32cube.ide.common.services.mx.rcp.CubeIdeServices - Analyze Cube IDE services command line
[INFO ] 2019-11-22 09:15:49,858 com.st.stm32cube.ide.common.services.mx.rcp.CubeIdeServices - Look for Cube IDE service type
[INFO ] 2019-11-22 09:15:50,195 com.st.stm32cube.ide.common.services.mx.rcp.CubeIdeServices - Use Cube IDE service: 'Mx generate project service'
[INFO ] 2019-11-22 09:15:50,196 com.st.stm32cube.ide.common.services.mx.rcp.CubeIdeServices - Look for Cube IDE service option(s)
[WARN ] 2019-11-22 09:15:50,196 com.st.stm32cube.ide.common.services.mx.rcp.CubeIdeServices - Argument '-rmiServerPort' is ignored
[WARN ] 2019-11-22 09:15:50,197 com.st.stm32cube.ide.common.services.mx.rcp.CubeIdeServices - Argument '6543' is ignored
[INFO ] 2019-11-22 09:15:50,197 com.st.stm32cube.ide.common.services.mx.rcp.CubeIdeServices - Check Cube IDE service option(s)
[INFO ] 2019-11-22 09:15:50,197 com.st.stm32cube.ide.common.services.mx.rcp.CubeIdeServices - Run Cube IDE service
[INFO ] 2019-11-22 09:15:57,641 com.st.stm32cube.ide.common.services.mx.rcp.CubeIdeServices - End Cube IDE services
[INFO ] 2019-11-22 10:39:21,313 com.st.stm32cube.ide.common.services.mx.rcp.CubeIdeServices - Start Cube IDE services
[INFO ] 2019-11-22 10:39:21,320 com.st.stm32cube.ide.common.services.mx.rcp.CubeIdeServices - Cube IDE services are relying on '1.1.0.19rc7_generators' product version and '4545_20191011-1318(UTC)' build version 
[INFO ] 2019-11-22 10:39:21,323 com.st.stm32cube.ide.common.services.mx.rcp.CubeIdeServices - Analyze Cube IDE services command line
[INFO ] 2019-11-22 10:39:21,328 com.st.stm32cube.ide.common.services.mx.rcp.CubeIdeServices - Look for Cube IDE service type
[INFO ] 2019-11-22 10:39:21,345 com.st.stm32cube.ide.common.services.mx.rcp.CubeIdeServices - Use Cube IDE service: 'Mx update project service'
[INFO ] 2019-11-22 10:39:21,345 com.st.stm32cube.ide.common.services.mx.rcp.CubeIdeServices - Look for Cube IDE service option(s)
[WARN ] 2019-11-22 10:39:21,346 com.st.stm32cube.ide.common.services.mx.rcp.CubeIdeServices - Argument '-rmiServerPort' is ignored
[WARN ] 2019-11-22 10:39:21,346 com.st.stm32cube.ide.common.services.mx.rcp.CubeIdeServices - Argument '6544' is ignored
[INFO ] 2019-11-22 10:39:21,346 com.st.stm32cube.ide.common.services.mx.rcp.CubeIdeServices - Check Cube IDE service option(s)
[INFO ] 2019-11-22 10:39:21,346 com.st.stm32cube.ide.common.services.mx.rcp.CubeIdeServices - Run Cube IDE service
[INFO ] 2019-11-22 10:39:24,020 com.st.stm32cube.ide.common.services.mx.rcp.CubeIdeServices - End Cube IDE services
[INFO ] 2019-11-22 10:52:25,630 com.st.stm32cube.ide.common.services.mx.rcp.CubeIdeServices - Start Cube IDE services
[INFO ] 2019-11-22 10:52:25,638 com.st.stm32cube.ide.common.services.mx.rcp.CubeIdeServices - Cube IDE services are relying on '1.1.0.19rc7_generators' product version and '4545_20191011-1318(UTC)' build version 
[INFO ] 2019-11-22 10:52:25,639 com.st.stm32cube.ide.common.services.mx.rcp.CubeIdeServices - Analyze Cube IDE services command line
[INFO ] 2019-11-22 10:52:25,645 com.st.stm32cube.ide.common.services.mx.rcp.CubeIdeServices - Look for Cube IDE service type
[INFO ] 2019-11-22 10:52:25,669 com.st.stm32cube.ide.common.services.mx.rcp.CubeIdeServices - Use Cube IDE service: 'Mx update project service'
[INFO ] 2019-11-22 10:52:25,669 com.st.stm32cube.ide.common.services.mx.rcp.CubeIdeServices - Look for Cube IDE service option(s)
[WARN ] 2019-11-22 10:52:25,670 com.st.stm32cube.ide.common.services.mx.rcp.CubeIdeServices - Argument '-rmiServerPort' is ignored
[WARN ] 2019-11-22 10:52:25,670 com.st.stm32cube.ide.common.services.mx.rcp.CubeIdeServices - Argument '6545' is ignored
[INFO ] 2019-11-22 10:52:25,670 com.st.stm32cube.ide.common.services.mx.rcp.CubeIdeServices - Check Cube IDE service option(s)
[INFO ] 2019-11-22 10:52:25,670 com.st.stm32cube.ide.common.services.mx.rcp.CubeIdeServices - Run Cube IDE service
[INFO ] 2019-11-22 10:52:28,722 com.st.stm32cube.ide.common.services.mx.rcp.CubeIdeServices - End Cube IDE services
[INFO ] 2019-11-22 11:05:19,950 com.st.stm32cube.ide.common.services.mx.rcp.CubeIdeServices - Start Cube IDE services
[INFO ] 2019-11-22 11:05:19,958 com.st.stm32cube.ide.common.services.mx.rcp.CubeIdeServices - Cube IDE services are relying on '1.1.0.19rc7_generators' product version and '4545_20191011-1318(UTC)' build version 
[INFO ] 2019-11-22 11:05:19,961 com.st.stm32cube.ide.common.services.mx.rcp.CubeIdeServices - Analyze Cube IDE services command line
[INFO ] 2019-11-22 11:05:19,967 com.st.stm32cube.ide.common.services.mx.rcp.CubeIdeServices - Look for Cube IDE service type
[INFO ] 2019-11-22 11:05:19,988 com.st.stm32cube.ide.common.services.mx.rcp.CubeIdeServices - Use Cube IDE service: 'Mx update project service'
[INFO ] 2019-11-22 11:05:19,988 com.st.stm32cube.ide.common.services.mx.rcp.CubeIdeServices - Look for Cube IDE service option(s)
[WARN ] 2019-11-22 11:05:19,988 com.st.stm32cube.ide.common.services.mx.rcp.CubeIdeServices - Argument '-rmiServerPort' is ignored
[WARN ] 2019-11-22 11:05:19,988 com.st.stm32cube.ide.common.services.mx.rcp.CubeIdeServices - Argument '6546' is ignored
[INFO ] 2019-11-22 11:05:19,988 com.st.stm32cube.ide.common.services.mx.rcp.CubeIdeServices - Check Cube IDE service option(s)
[INFO ] 2019-11-22 11:05:19,988 com.st.stm32cube.ide.common.services.mx.rcp.CubeIdeServices - Run Cube IDE service
[INFO ] 2019-11-22 11:05:23,206 com.st.stm32cube.ide.common.services.mx.rcp.CubeIdeServices - End Cube IDE services
